2023-07-25 16:21:39,099 - Trying to use logger class org.apache.velocity.runtime.log.Log4JLogChute
2023-07-25 16:21:39,099 - Using logger class org.apache.velocity.runtime.log.Log4JLogChute
2023-07-25 16:21:39,105 - ResourceLoader instantiated: org.apache.velocity.runtime.resource.loader.ClasspathResourceLoader
2023-07-25 16:21:39,122 - ResourceCache: initialized (class org.apache.velocity.runtime.resource.ResourceCacheImpl) with class java.util.Collections$SynchronizedMap cache map.
2023-07-25 16:21:39,122 - Loaded System Directive: org.apache.velocity.runtime.directive.Stop
2023-07-25 16:21:39,129 - Loaded System Directive: org.apache.velocity.runtime.directive.Define
2023-07-25 16:21:39,130 - Loaded System Directive: org.apache.velocity.runtime.directive.Break
2023-07-25 16:21:39,134 - Loaded System Directive: org.apache.velocity.runtime.directive.Evaluate
2023-07-25 16:21:39,135 - Loaded System Directive: org.apache.velocity.runtime.directive.Literal
2023-07-25 16:21:39,136 - Loaded System Directive: org.apache.velocity.runtime.directive.Macro
2023-07-25 16:21:39,138 - Loaded System Directive: org.apache.velocity.runtime.directive.Parse
2023-07-25 16:21:39,140 - Loaded System Directive: org.apache.velocity.runtime.directive.Include
2023-07-25 16:21:39,141 - Loaded System Directive: org.apache.velocity.runtime.directive.Foreach
2023-07-25 16:21:39,169 - Created '20' parsers.
2023-07-25 16:21:39,174 - Velocimacro : "velocimacro.library" is not set.  Trying default library: VM_global_library.vm
2023-07-25 16:21:39,175 - Could not load resource 'VM_global_library.vm' from ResourceLoader org.apache.velocity.runtime.resource.loader.ClasspathResourceLoader: ClasspathResourceLoader Error: cannot find resource VM_global_library.vm
2023-07-25 16:21:39,175 - Velocimacro : Default library not found.
2023-07-25 16:21:39,175 - Velocimacro : allowInline = true : VMs can be defined inline in templates
2023-07-25 16:21:39,175 - Velocimacro : allowInlineToOverride = false : VMs defined inline may NOT replace previous VM definitions
2023-07-25 16:21:39,175 - Velocimacro : allowInlineLocal = false : VMs defined inline will be global in scope if allowed.
2023-07-25 16:21:39,175 - Velocimacro : autoload off : VM system will not automatically reload global library macros
2023-07-25 16:21:39,189 - ResourceManager : found pom.vm with loader org.apache.velocity.runtime.resource.loader.ClasspathResourceLoader
2023-07-25 16:21:39,193 - ResourceManager : found servletinit.vm with loader org.apache.velocity.runtime.resource.loader.ClasspathResourceLoader
2023-07-25 16:21:39,194 - ResourceManager : found ttsapp.vm with loader org.apache.velocity.runtime.resource.loader.ClasspathResourceLoader
2023-07-25 16:21:39,199 - ResourceManager : found appyaml.vm with loader org.apache.velocity.runtime.resource.loader.ClasspathResourceLoader
2023-07-25 16:21:39,201 - ResourceManager : found log4j.vm with loader org.apache.velocity.runtime.resource.loader.ClasspathResourceLoader
2023-07-25 16:21:39,208 - ResourceManager : found controller.vm with loader org.apache.velocity.runtime.resource.loader.ClasspathResourceLoader
2023-07-25 16:21:39,211 - ResourceManager : found errmsg.vm with loader org.apache.velocity.runtime.resource.loader.ClasspathResourceLoader
2023-07-25 16:21:39,212 - ResourceManager : found entity.vm with loader org.apache.velocity.runtime.resource.loader.ClasspathResourceLoader
2023-07-25 16:21:39,214 - ResourceManager : found repo.vm with loader org.apache.velocity.runtime.resource.loader.ClasspathResourceLoader
2023-07-25 16:21:39,218 - ResourceManager : found service.vm with loader org.apache.velocity.runtime.resource.loader.ClasspathResourceLoader
2023-07-25 16:21:39,220 - ResourceManager : found exception.vm with loader org.apache.velocity.runtime.resource.loader.ClasspathResourceLoader
2023-07-25 16:21:39,222 - ResourceManager : found response.vm with loader org.apache.velocity.runtime.resource.loader.ClasspathResourceLoader
2023-07-25 16:21:39,223 - Null reference [template 'response.vm', line 3, column 15] : ${genDate} cannot be resolved.
2023-07-25 16:21:39,224 - Null reference [template 'response.vm', line 4, column 47] : ${Cservice} cannot be resolved.
2023-07-25 16:21:39,227 - ResourceManager : found impl.vm with loader org.apache.velocity.runtime.resource.loader.ClasspathResourceLoader
2023-07-25 16:21:39,231 - ResourceManager : found classdiag.vm with loader org.apache.velocity.runtime.resource.loader.ClasspathResourceLoader
2023-07-25 16:21:39,236 - ResourceManager : found postseq.vm with loader org.apache.velocity.runtime.resource.loader.ClasspathResourceLoader
2023-07-25 16:21:39,238 - ResourceManager : found getseq.vm with loader org.apache.velocity.runtime.resource.loader.ClasspathResourceLoader
2023-07-25 16:21:39,240 - ResourceManager : found getall.vm with loader org.apache.velocity.runtime.resource.loader.ClasspathResourceLoader
2023-07-25 16:21:39,242 - ResourceManager : found updateseq.vm with loader org.apache.velocity.runtime.resource.loader.ClasspathResourceLoader
2023-07-25 16:21:39,243 - ResourceManager : found deleteseq.vm with loader org.apache.velocity.runtime.resource.loader.ClasspathResourceLoader
